<?xml version="1.0" encoding="UTF-8"?>
<!-- Generated by org.testng.reporters.JUnitXMLReporter -->
<testsuite hostname="HP840G3-2192" ignored="4" name="Test" tests="4" failures="0" timestamp="07 Feb 2019 18:07:54 GMT" time="71.426" errors="0">
  <testcase name="Login_Test_TC_01" time="3.185" classname="com.papercutNG.login.LoginTest"/>
  <testcase name="Dashboard_TC_03" time="2.994" classname="com.papercutNG.dashboard.DashboardTest"/>
  <testcase name="Dashboard_TC_04" time="3.516" classname="com.papercutNG.dashboard.DashboardTest"/>
  <testcase name="Menu_Links_TC_02" time="4.428" classname="com.papercutNG.dashboard.MenuTest"/>
  <testcase name="@BeforeSuite beforeTestSuite" time="0.0" classname="com.papercutNG.genericlib.BaseTest">
    <ignored/>
  </testcase> <!-- @BeforeSuite beforeTestSuite -->
  <testcase name="@BeforeSuite beforeTestSuite" time="0.0" classname="com.papercutNG.genericlib.BaseTest">
    <ignored/>
  </testcase> <!-- @BeforeSuite beforeTestSuite -->
  <testcase name="@AfterSuite afterTest" time="0.0" classname="com.papercutNG.genericlib.BaseTest">
    <ignored/>
  </testcase> <!-- @AfterSuite afterTest -->
  <testcase name="@AfterSuite afterTest" time="0.0" classname="com.papercutNG.genericlib.BaseTest">
    <ignored/>
  </testcase> <!-- @AfterSuite afterTest -->
</testsuite> <!-- Test -->
