<?xml version="1.0" encoding="UTF-8"?>
<!-- Generated by org.testng.reporters.JUnitXMLReporter -->
<testsuite hostname="HP840G3-2192" ignored="4" name="Test" tests="3" failures="0" timestamp="07 Feb 2019 17:46:35 GMT" time="51.786" errors="0">
  <testcase name="Login_Test_TC_01" time="4.509" classname="com.papercutNG.login.LoginTest"/>
  <testcase name="Dashboard_TC_03" time="4.255" classname="com.papercutNG.dashboard.DashboardTest"/>
  <testcase name="Menu_Links_TC_02" time="4.923" classname="com.papercutNG.dashboard.MenuTest"/>
  <testcase name="@BeforeSuite beforeTestSuite" time="0.0" classname="com.papercutNG.genericlib.BaseTest">
    <ignored/>
  </testcase> <!-- @BeforeSuite beforeTestSuite -->
  <testcase name="@BeforeSuite beforeTestSuite" time="0.0" classname="com.papercutNG.genericlib.BaseTest">
    <ignored/>
  </testcase> <!-- @BeforeSuite beforeTestSuite -->
  <testcase name="@AfterSuite afterTest" time="0.0" classname="com.papercutNG.genericlib.BaseTest">
    <ignored/>
  </testcase> <!-- @AfterSuite afterTest -->
  <testcase name="@AfterSuite afterTest" time="0.0" classname="com.papercutNG.genericlib.BaseTest">
    <ignored/>
  </testcase> <!-- @AfterSuite afterTest -->
</testsuite> <!-- Test -->
